#
# A fatal error has been detected by the Java Runtime Environment:
#
#  SIGSEGV (0xb) at pc=0x0000000100d59594, pid=8467, tid=0x0000000000004303
#
# JRE version: Java(TM) SE Runtime Environment (8.0_101-b13) (build 1.8.0_101-b13)
# Java VM: Java HotSpot(TM) 64-Bit Server VM (25.101-b13 mixed mode bsd-amd64 compressed oops)
# Problematic frame:
# V  [libjvm.dylib+0x44c594]  Method::checked_resolve_jmethod_id(_jmethodID*)+0xe
#
# Failed to write core dump. Core dumps have been disabled. To enable core dumping, try "ulimit -c unlimited" before starting Java again
#
# If you would like to submit a bug report, please visit:
#   http://bugreport.java.com/bugreport/crash.jsp
#

---------------  T H R E A D  ---------------

Current thread (0x00007fcdd7025800):  JavaThread "JDWP Transport Listener: dt_socket" daemon [_thread_in_vm, id=17155, stack(0x00007000020de000,0x00007000021de000)]

siginfo: si_signo: 11 (SIGSEGV), si_code: 1 (SEGV_MAPERR), si_addr: 0x0000000700000041

Registers:
RAX=0x0000000000000001, RBX=0x00007000021dda8b, RCX=0x000000010112c360, RDX=0x00007000021dda8b
RSP=0x00007000021dd9d0, RBP=0x00007000021dd9e0, RSI=0x00007fcdd7025800, RDI=0x0000000700000041
R8 =0x0000000000000000, R9 =0x00007fcdd5d50570, R10=0x0000000000000001, R11=0x0000000000000001
R12=0x00007fcdd7025800, R13=0x0000000700000041, R14=0x0000000700000041, R15=0x00007fcdd5d06dd0
RIP=0x0000000100d59594, EFLAGS=0x0000000000010206, ERR=0x0000000000000004
  TRAPNO=0x000000000000000e

Top of Stack: (sp=0x00007000021dd9d0)
0x00007000021dd9d0:   00007000021dda8b 00007000021dda8b
0x00007000021dd9e0:   00007000021dda40 0000000100c650d2
0x00007000021dd9f0:   00007fcdd7025800 0000000000000000
0x00007000021dda00:   0000000000000000 0000000000000000
0x00007000021dda10:   00007fcdd7025800 00007fcdd7025800
0x00007000021dda20:   00007000021dda8b 00007000021dda90
0x00007000021dda30:   0000000700000041 0000000000000014
0x00007000021dda40:   00007000021dda60 000000010190e780
0x00007000021dda50:   0000000000000001 00007000021ddb08
0x00007000021dda60:   00007000021ddad0 00000001018f31f3
0x00007000021dda70:   00007000021ddaa0 00007fcdd5d51f80
0x00007000021dda80:   0000001500000032 00000008001ddb08
0x00007000021dda90:   0000000000000000 0000000000000000
0x00007000021ddaa0:   0000000000000000 00007000021ddc90
0x00007000021ddab0:   0000000101915e7a 00007fcdd5d4d860
0x00007000021ddac0:   00007000021ddb08 0000000101921598
0x00007000021ddad0:   00007000021ddae0 00000001018f32ec
0x00007000021ddae0:   00007000021ddd00 00000001018fc898
0x00007000021ddaf0:   00012ee600000013 00000000000f0200
0x00007000021ddb00:   00007fcdd5d509a0 00007fcdd622dd9e
0x00007000021ddb10:   00007fcd00000112 00007fcdd5d20b00
0x00007000021ddb20:   00007fcd0000012c 00007000021ddb58
0x00007000021ddb30:   00007fcdd5d50b10 0000000000000000
0x00007000021ddb40:   00012ee60000000f 00007fcd00006080
0x00007000021ddb50:   00007000021ddb58 cd7f000015000000
0x00007000021ddb60:   1b000000a8bcc6d5 6f7250646c697562
0x00007000021ddb70:   6e49646574636574 6d6d6f4374726573
0x00007000021ddb80:   2850000000646e61 616c2f6176616a4c
0x00007000021ddb90:   6e697274532f676e 2f6176616a4c3b67
0x00007000021ddba0:   7272412f6c697475 4c3b7473694c7961
0x00007000021ddbb0:   6974752f6176616a 4c79617272412f6c
0x00007000021ddbc0:   616a4c293b747369 2f676e616c2f6176 

Instructions: (pc=0x0000000100d59594)
0x0000000100d59574:   40 48 48 85 c0 75 e0 30 c0 0f b6 c0 5d c3 31 c0
0x0000000100d59584:   5d c3 55 48 89 e5 53 48 83 ec 08 48 85 ff 74 24
0x0000000100d59594:   48 8b 1f 48 85 db 74 1c 48 83 fb 37 74 16 48 8b
0x0000000100d595a4:   03 48 89 df ff 50 10 84 c0 b8 00 00 00 00 48 0f 

Register to memory mapping:

RAX=0x0000000000000001 is an unknown value
RBX=0x00007000021dda8b is pointing into the stack for thread: 0x00007fcdd7025800
RCX=0x000000010112c360: UseMembar+0 in /Library/Java/JavaVirtualMachines/jdk1.8.0_101.jdk/Contents/Home/jre/lib/server/libjvm.dylib at 0x000000010090d000
RDX=0x00007000021dda8b is pointing into the stack for thread: 0x00007fcdd7025800
RSP=0x00007000021dd9d0 is pointing into the stack for thread: 0x00007fcdd7025800
RBP=0x00007000021dd9e0 is pointing into the stack for thread: 0x00007fcdd7025800
RSI=0x00007fcdd7025800 is a thread
RDI=0x0000000700000041 is an unknown value
R8 =0x0000000000000000 is an unknown value
R9 =0x00007fcdd5d50570 is an unknown value
R10=0x0000000000000001 is an unknown value
R11=0x0000000000000001 is an unknown value
R12=0x00007fcdd7025800 is a thread
R13=0x0000000700000041 is an unknown value
R14=0x0000000700000041 is an unknown value
R15=0x00007fcdd5d06dd0 is an unknown value


Stack: [0x00007000020de000,0x00007000021de000],  sp=0x00007000021dd9d0,  free space=1022k
Native frames: (J=compiled Java code, j=interpreted, Vv=VM code, C=native code)
V  [libjvm.dylib+0x44c594]  Method::checked_resolve_jmethod_id(_jmethodID*)+0xe
V  [libjvm.dylib+0x3580d2]  jvmti_IsMethodSynthetic+0xb2
C  [libjdwp.dylib+0x20780]  isMethodSynthetic+0x63
C  [libjdwp.dylib+0x51f3]  methods1+0x10b
C  [libjdwp.dylib+0x52ec]  methodsWithGeneric+0xe
C  [libjdwp.dylib+0xe898]  debugLoop_run+0x1ce
C  [libjdwp.dylib+0x1f6ba]  attachThread+0x4d
V  [libjvm.dylib+0x399438]  JvmtiAgentThread::call_start_function()+0x38
V  [libjvm.dylib+0x5695ab]  JavaThread::thread_main_inner()+0x9b
V  [libjvm.dylib+0x56ac98]  JavaThread::run()+0x1c2
V  [libjvm.dylib+0x48933a]  java_start(Thread*)+0xf6
C  [libsystem_pthread.dylib+0x3aab]  _pthread_body+0xb4
C  [libsystem_pthread.dylib+0x39f7]  _pthread_body+0x0
C  [libsystem_pthread.dylib+0x31fd]  thread_start+0xd
C  0x0000000000000000


---------------  P R O C E S S  ---------------

Java Threads: ( => current thread )
  0x00007fcdd707d000 JavaThread "Abandoned connection cleanup thread" daemon [_thread_blocked, id=21251, stack(0x00007000028f6000,0x00007000029f6000)]
  0x00007fcdd6850800 JavaThread "Service Thread" daemon [_thread_blocked, id=20227, stack(0x00007000026f0000,0x00007000027f0000)]
  0x00007fcdd6827800 JavaThread "C1 CompilerThread2" daemon [_thread_blocked, id=19715, stack(0x00007000025ed000,0x00007000026ed000)]
  0x00007fcdd681b800 JavaThread "C2 CompilerThread1" daemon [_thread_blocked, id=19203, stack(0x00007000024ea000,0x00007000025ea000)]
  0x00007fcdd7047000 JavaThread "C2 CompilerThread0" daemon [_thread_blocked, id=18691, stack(0x00007000023e7000,0x00007000024e7000)]
  0x00007fcdd6040800 JavaThread "JDWP Command Reader" daemon [_thread_in_native, id=18179, stack(0x00007000022e4000,0x00007000023e4000)]
  0x00007fcdd7026800 JavaThread "JDWP Event Helper Thread" daemon [_thread_blocked, id=17667, stack(0x00007000021e1000,0x00007000022e1000)]
=>0x00007fcdd7025800 JavaThread "JDWP Transport Listener: dt_socket" daemon [_thread_in_vm, id=17155, stack(0x00007000020de000,0x00007000021de000)]
  0x00007fcdd604e800 JavaThread "Signal Dispatcher" daemon [_thread_blocked, id=16643, stack(0x0000700001fdb000,0x00007000020db000)]
  0x00007fcdd6034000 JavaThread "Finalizer" daemon [_thread_blocked, id=12547, stack(0x0000700001e55000,0x0000700001f55000)]
  0x00007fcdd780d800 JavaThread "Reference Handler" daemon [_thread_blocked, id=12035, stack(0x0000700001d52000,0x0000700001e52000)]
  0x00007fcdd6808000 JavaThread "main" [_thread_blocked, id=7171, stack(0x0000700001740000,0x0000700001840000)]

Other Threads:
  0x00007fcdd6031800 VMThread [stack: 0x0000700001c4f000,0x0000700001d4f000] [id=11523]
  0x00007fcdd604f800 WatcherThread [stack: 0x00007000027f3000,0x00007000028f3000] [id=20739]

VM state:not at safepoint (normal execution)

VM Mutex/Monitor currently owned by a thread: None

Heap:
 PSYoungGen      total 18944K, used 6435K [0x00000007aab00000, 0x00000007ac000000, 0x00000007c0000000)
  eden space 16384K, 23% used [0x00000007aab00000,0x00000007aaecbc28,0x00000007abb00000)
  from space 2560K, 99% used [0x00000007abb00000,0x00000007abd7d050,0x00000007abd80000)
  to   space 2560K, 0% used [0x00000007abd80000,0x00000007abd80000,0x00000007ac000000)
 ParOldGen       total 44032K, used 1336K [0x0000000780000000, 0x0000000782b00000, 0x00000007aab00000)
  object space 44032K, 3% used [0x0000000780000000,0x000000078014e0c0,0x0000000782b00000)
 Metaspace       used 9870K, capacity 10050K, committed 10112K, reserved 1058816K
  class space    used 1072K, capacity 1133K, committed 1152K, reserved 1048576K

Card table byte_map: [0x00000001025c0000,0x00000001027c1000] byte_map_base: 0x00000000fe9c0000

Marking Bits: (ParMarkBitMap*) 0x00000001011fad20
 Begin Bits: [0x0000000102917000, 0x0000000103917000)
 End Bits:   [0x0000000103917000, 0x0000000104917000)

Polling page: 0x00000001018ed000

CodeCache: size=245760Kb used=2663Kb max_used=2663Kb free=243096Kb
 bounds [0x0000000108ca3000, 0x0000000108f43000, 0x0000000117ca3000]
 total_blobs=961 nmethods=603 adapters=280
 compilation: enabled

Compilation events (10 events):
Event: 2.158 Thread 0x00007fcdd6827800  600  s    3       java.util.Hashtable::containsKey (65 bytes)
Event: 2.159 Thread 0x00007fcdd6827800 nmethod 600 0x0000000108f36050 code [0x0000000108f36200, 0x0000000108f36838]
Event: 2.159 Thread 0x00007fcdd6827800  601       1       com.mysql.cj.core.conf.AbstractReadableProperty::getValue (5 bytes)
Event: 2.159 Thread 0x00007fcdd6827800 nmethod 601 0x0000000108f35d90 code [0x0000000108f35ee0, 0x0000000108f35ff0]
Event: 2.159 Thread 0x00007fcdd6827800  599       3       sun.misc.URLClassPath$JarLoader::findResource (18 bytes)
Event: 2.159 Thread 0x00007fcdd6827800 nmethod 599 0x0000000108f35810 code [0x0000000108f359a0, 0x0000000108f35c78]
Event: 2.159 Thread 0x00007fcdd6827800  602       1       com.mysql.cj.mysqla.io.Buffer::getByteBuffer (5 bytes)
Event: 2.159 Thread 0x00007fcdd6827800 nmethod 602 0x0000000108f35550 code [0x0000000108f356a0, 0x0000000108f357b0]
Event: 2.159 Thread 0x00007fcdd6827800  603       1       java.lang.Boolean::booleanValue (5 bytes)
Event: 2.159 Thread 0x00007fcdd6827800 nmethod 603 0x0000000108f35290 code [0x0000000108f353e0, 0x0000000108f354f0]

GC Heap History (2 events):
Event: 2.072 GC heap before
{Heap before GC invocations=1 (full 0):
 PSYoungGen      total 18944K, used 16384K [0x00000007aab00000, 0x00000007ac000000, 0x00000007c0000000)
  eden space 16384K, 100% used [0x00000007aab00000,0x00000007abb00000,0x00000007abb00000)
  from space 2560K, 0% used [0x00000007abd80000,0x00000007abd80000,0x00000007ac000000)
  to   space 2560K, 0% used [0x00000007abb00000,0x00000007abb00000,0x00000007abd80000)
 ParOldGen       total 44032K, used 0K [0x0000000780000000, 0x0000000782b00000, 0x00000007aab00000)
  object space 44032K, 0% used [0x0000000780000000,0x0000000780000000,0x0000000782b00000)
 Metaspace       used 7385K, capacity 7520K, committed 7808K, reserved 1056768K
  class space    used 795K, capacity 844K, committed 896K, reserved 1048576K
Event: 2.080 GC heap after
Heap after GC invocations=1 (full 0):
 PSYoungGen      total 18944K, used 2548K [0x00000007aab00000, 0x00000007ac000000, 0x00000007c0000000)
  eden space 16384K, 0% used [0x00000007aab00000,0x00000007aab00000,0x00000007abb00000)
  from space 2560K, 99% used [0x00000007abb00000,0x00000007abd7d050,0x00000007abd80000)
  to   space 2560K, 0% used [0x00000007abd80000,0x00000007abd80000,0x00000007ac000000)
 ParOldGen       total 44032K, used 1336K [0x0000000780000000, 0x0000000782b00000, 0x00000007aab00000)
  object space 44032K, 3% used [0x0000000780000000,0x000000078014e0c0,0x0000000782b00000)
 Metaspace       used 7385K, capacity 7520K, committed 7808K, reserved 1056768K
  class space    used 795K, capacity 844K, committed 896K, reserved 1048576K
}

Deoptimization events (5 events):
Event: 1.076 Thread 0x00007fcdd6808000 Uncommon trap: reason=unstable_if action=reinterpret pc=0x0000000108dd4d20 method=java.lang.String.indexOf(II)I @ 49
Event: 1.665 Thread 0x00007fcdd6808000 Uncommon trap: reason=unstable_if action=reinterpret pc=0x0000000108e7a0f8 method=java.util.Properties.loadConvert([CII[C)Ljava/lang/String; @ 4
Event: 1.683 Thread 0x00007fcdd6808000 Uncommon trap: reason=class_check action=maybe_recompile pc=0x0000000108e78668 method=java.util.Properties$LineReader.readLine()I @ 62
Event: 1.683 Thread 0x00007fcdd6808000 Uncommon trap: reason=unstable_if action=reinterpret pc=0x0000000108ee7c38 method=java.util.Properties$LineReader.readLine()I @ 174
Event: 1.684 Thread 0x00007fcdd6808000 Uncommon trap: reason=class_check action=maybe_recompile pc=0x0000000108e78668 method=java.util.Properties$LineReader.readLine()I @ 62

Internal exceptions (8 events):
Event: 0.230 Thread 0x00007fcdd6808000 Exception <a 'java/lang/NoSuchMethodError': Method sun.misc.Unsafe.defineClass(Ljava/lang/String;[BII)Ljava/lang/Class; name or signature does not match> (0x00000007aab07cc0) thrown at [/HUDSON3/workspace/8-2-build-macosx-x86_64/jdk8u101/7261/hotspot/src/
Event: 0.230 Thread 0x00007fcdd6808000 Exception <a 'java/lang/NoSuchMethodError': Method sun.misc.Unsafe.prefetchRead(Ljava/lang/Object;J)V name or signature does not match> (0x00000007aab07fa8) thrown at [/HUDSON3/workspace/8-2-build-macosx-x86_64/jdk8u101/7261/hotspot/src/share/vm/prims/jni
Event: 1.067 Thread 0x00007fcdd6808000 Exception <a 'java/security/PrivilegedActionException'> (0x00000007aae19b08) thrown at [/HUDSON3/workspace/8-2-build-macosx-x86_64/jdk8u101/7261/hotspot/src/share/vm/prims/jvm.cpp, line 1386]
Event: 1.067 Thread 0x00007fcdd6808000 Exception <a 'java/security/PrivilegedActionException'> (0x00000007aae19d18) thrown at [/HUDSON3/workspace/8-2-build-macosx-x86_64/jdk8u101/7261/hotspot/src/share/vm/prims/jvm.cpp, line 1386]
Event: 1.068 Thread 0x00007fcdd6808000 Exception <a 'java/security/PrivilegedActionException'> (0x00000007aae1d208) thrown at [/HUDSON3/workspace/8-2-build-macosx-x86_64/jdk8u101/7261/hotspot/src/share/vm/prims/jvm.cpp, line 1386]
Event: 1.068 Thread 0x00007fcdd6808000 Exception <a 'java/security/PrivilegedActionException'> (0x00000007aae1d418) thrown at [/HUDSON3/workspace/8-2-build-macosx-x86_64/jdk8u101/7261/hotspot/src/share/vm/prims/jvm.cpp, line 1386]
Event: 1.218 Thread 0x00007fcdd6808000 Exception <a 'java/lang/NoSuchFieldError': method resolution failed> (0x00000007aaf77d00) thrown at [/HUDSON3/workspace/8-2-build-macosx-x86_64/jdk8u101/7261/hotspot/src/share/vm/prims/methodHandles.cpp, line 1146]
Event: 1.224 Thread 0x00007fcdd6808000 Exception <a 'java/lang/NoSuchFieldError': method resolution failed> (0x00000007aaf85050) thrown at [/HUDSON3/workspace/8-2-build-macosx-x86_64/jdk8u101/7261/hotspot/src/share/vm/prims/methodHandles.cpp, line 1146]

Events (10 events):
Event: 8925.634 Executing VM operation: RevokeBias
Event: 8925.634 Executing VM operation: RevokeBias done
Event: 8925.634 Thread 0x00007fcdd7025800 DEOPT PACKING pc=0x0000000108e8d494 sp=0x00007000021d9d50
Event: 8925.634 Thread 0x00007fcdd7025800 DEOPT UNPACKING pc=0x0000000108cea633 sp=0x00007000021d9b90 mode 1
Event: 8925.634 Executing VM operation: RevokeBias
Event: 8925.634 Executing VM operation: RevokeBias done
Event: 8925.634 Thread 0x00007fcdd7025800 DEOPT PACKING pc=0x0000000108e8d234 sp=0x00007000021d9ee0
Event: 8925.634 Thread 0x00007fcdd7025800 DEOPT UNPACKING pc=0x0000000108cea633 sp=0x00007000021d9d20 mode 1
Event: 8925.640 Executing VM operation: RedefineClasses
Event: 8925.659 Executing VM operation: RedefineClasses done


Dynamic libraries:
0x000000005d255000 	/System/Library/Frameworks/Cocoa.framework/Versions/A/Cocoa
0x000000005d255000 	/System/Library/Frameworks/Security.framework/Versions/A/Security
0x000000005d255000 	/System/Library/Frameworks/ApplicationServices.framework/Versions/A/ApplicationServices
0x000000005d255000 	/usr/lib/libz.1.dylib
0x000000005d255000 	/usr/lib/libSystem.B.dylib
0x000000005d255000 	/usr/lib/libobjc.A.dylib
0x000000005d255000 	/System/Library/Frameworks/CoreFoundation.framework/Versions/A/CoreFoundation
0x000000005d255000 	/System/Library/Frameworks/Foundation.framework/Versions/C/Foundation
0x000000005d255000 	/System/Library/Frameworks/AppKit.framework/Versions/C/AppKit
0x000000005d255000 	/System/Library/Frameworks/CoreData.framework/Versions/A/CoreData
0x000000005d255000 	/System/Library/PrivateFrameworks/RemoteViewServices.framework/Versions/A/RemoteViewServices
0x000000005d255000 	/System/Library/PrivateFrameworks/UIFoundation.framework/Versions/A/UIFoundation
0x000000005d255000 	/System/Library/PrivateFrameworks/DFRFoundation.framework/Versions/A/DFRFoundation
0x000000005d255000 	/usr/lib/libenergytrace.dylib
0x000000005d255000 	/System/Library/PrivateFrameworks/SkyLight.framework/Versions/A/SkyLight
0x000000005d255000 	/System/Library/Frameworks/CoreGraphics.framework/Versions/A/CoreGraphics
0x000000005d255000 	/usr/lib/libScreenReader.dylib
0x000000005d255000 	/System/Library/Frameworks/Accelerate.framework/Versions/A/Accelerate
0x000000005d255000 	/System/Library/Frameworks/IOSurface.framework/Versions/A/IOSurface
0x000000005d255000 	/System/Library/Frameworks/AudioToolbox.framework/Versions/A/AudioToolbox
0x000000005d255000 	/System/Library/Frameworks/AudioUnit.framework/Versions/A/AudioUnit
0x000000005d255000 	/System/Library/PrivateFrameworks/DataDetectorsCore.framework/Versions/A/DataDetectorsCore
0x000000005d255000 	/System/Library/PrivateFrameworks/DesktopServicesPriv.framework/Versions/A/DesktopServicesPriv
0x000000005d255000 	/System/Library/Frameworks/Carbon.framework/Versions/A/Frameworks/HIToolbox.framework/Versions/A/HIToolbox
0x000000005d255000 	/usr/lib/libicucore.A.dylib
0x000000005d255000 	/System/Library/Frameworks/QuartzCore.framework/Versions/A/QuartzCore
0x000000005d255000 	/System/Library/Frameworks/Carbon.framework/Versions/A/Frameworks/SpeechRecognition.framework/Versions/A/SpeechRecognition
0x000000005d255000 	/usr/lib/libauto.dylib
0x000000005d255000 	/usr/lib/libxml2.2.dylib
0x000000005d255000 	/System/Library/PrivateFrameworks/CoreUI.framework/Versions/A/CoreUI
0x000000005d255000 	/System/Library/Frameworks/CoreAudio.framework/Versions/A/CoreAudio
0x000000005d255000 	/System/Library/Frameworks/DiskArbitration.framework/Versions/A/DiskArbitration
0x000000005d255000 	/usr/lib/liblangid.dylib
0x000000005d255000 	/System/Library/PrivateFrameworks/MultitouchSupport.framework/Versions/A/MultitouchSupport
0x000000005d255000 	/System/Library/Frameworks/IOKit.framework/Versions/A/IOKit
0x000000005d255000 	/usr/lib/libDiagnosticMessagesClient.dylib
0x000000005d255000 	/System/Library/Frameworks/CoreServices.framework/Versions/A/CoreServices
0x000000005d255000 	/System/Library/PrivateFrameworks/PerformanceAnalysis.framework/Versions/A/PerformanceAnalysis
0x000000005d255000 	/System/Library/PrivateFrameworks/GenerationalStorage.framework/Versions/A/GenerationalStorage
0x000000005d255000 	/System/Library/Frameworks/OpenGL.framework/Versions/A/OpenGL
0x000000005d255000 	/System/Library/Frameworks/CoreImage.framework/Versions/A/CoreImage
0x000000005d255000 	/System/Library/Frameworks/CoreText.framework/Versions/A/CoreText
0x000000005d255000 	/System/Library/Frameworks/ImageIO.framework/Versions/A/ImageIO
0x000000005d255000 	/System/Library/PrivateFrameworks/Backup.framework/Versions/A/Backup
0x000000005d255000 	/usr/lib/libarchive.2.dylib
0x000000005d255000 	/System/Library/Frameworks/CFNetwork.framework/Versions/A/CFNetwork
0x000000005d255000 	/System/Library/Frameworks/SystemConfiguration.framework/Versions/A/SystemConfiguration
0x000000005d255000 	/usr/lib/libCRFSuite.dylib
0x000000005d255000 	/usr/lib/libc++.1.dylib
0x000000005d255000 	/usr/lib/libc++abi.dylib
0x000000005d255000 	/usr/lib/system/libcache.dylib
0x000000005d255000 	/usr/lib/system/libcommonCrypto.dylib
0x000000005d255000 	/usr/lib/system/libcompiler_rt.dylib
0x000000005d255000 	/usr/lib/system/libcopyfile.dylib
0x000000005d255000 	/usr/lib/system/libcorecrypto.dylib
0x000000005d255000 	/usr/lib/system/libdispatch.dylib
0x000000005d255000 	/usr/lib/system/libdyld.dylib
0x000000005d255000 	/usr/lib/system/libkeymgr.dylib
0x000000005d255000 	/usr/lib/system/liblaunch.dylib
0x000000005d255000 	/usr/lib/system/libmacho.dylib
0x000000005d255000 	/usr/lib/system/libquarantine.dylib
0x000000005d255000 	/usr/lib/system/libremovefile.dylib
0x000000005d255000 	/usr/lib/system/libsystem_asl.dylib
0x000000005d255000 	/usr/lib/system/libsystem_blocks.dylib
0x000000005d255000 	/usr/lib/system/libsystem_c.dylib
0x000000005d255000 	/usr/lib/system/libsystem_configuration.dylib
0x000000005d255000 	/usr/lib/system/libsystem_coreservices.dylib
0x000000005d255000 	/usr/lib/system/libsystem_coretls.dylib
0x000000005d255000 	/usr/lib/system/libsystem_dnssd.dylib
0x000000005d255000 	/usr/lib/system/libsystem_info.dylib
0x000000005d255000 	/usr/lib/system/libsystem_kernel.dylib
0x000000005d255000 	/usr/lib/system/libsystem_m.dylib
0x000000005d255000 	/usr/lib/system/libsystem_malloc.dylib
0x000000005d255000 	/usr/lib/system/libsystem_network.dylib
0x000000005d255000 	/usr/lib/system/libsystem_networkextension.dylib
0x000000005d255000 	/usr/lib/system/libsystem_notify.dylib
0x000000005d255000 	/usr/lib/system/libsystem_platform.dylib
0x000000005d255000 	/usr/lib/system/libsystem_pthread.dylib
0x000000005d255000 	/usr/lib/system/libsystem_sandbox.dylib
0x000000005d255000 	/usr/lib/system/libsystem_secinit.dylib
0x000000005d255000 	/usr/lib/system/libsystem_symptoms.dylib
0x000000005d255000 	/usr/lib/system/libsystem_trace.dylib
0x000000005d255000 	/usr/lib/system/libunwind.dylib
0x000000005d255000 	/usr/lib/system/libxpc.dylib
0x000000005d255000 	/usr/lib/libbsm.0.dylib
0x000000005d255000 	/usr/lib/system/libkxld.dylib
0x000000005d255000 	/usr/lib/libcoretls.dylib
0x000000005d255000 	/usr/lib/libcoretls_cfhelpers.dylib
0x000000005d255000 	/usr/lib/libxar.1.dylib
0x000000005d255000 	/usr/lib/libsqlite3.dylib
0x000000005d255000 	/usr/lib/libpam.2.dylib
0x000000005d255000 	/usr/lib/libOpenScriptingUtil.dylib
0x000000005d255000 	/usr/lib/libbz2.1.0.dylib
0x000000005d255000 	/usr/lib/liblzma.5.dylib
0x000000005d255000 	/usr/lib/libnetwork.dylib
0x000000005d255000 	/usr/lib/libpcap.A.dylib
0x000000005d255000 	/System/Library/Frameworks/CoreServices.framework/Versions/A/Frameworks/FSEvents.framework/Versions/A/FSEvents
0x000000005d255000 	/System/Library/Frameworks/CoreServices.framework/Versions/A/Frameworks/CarbonCore.framework/Versions/A/CarbonCore
0x000000005d255000 	/System/Library/Frameworks/CoreServices.framework/Versions/A/Frameworks/Metadata.framework/Versions/A/Metadata
0x000000005d255000 	/System/Library/Frameworks/CoreServices.framework/Versions/A/Frameworks/OSServices.framework/Versions/A/OSServices
0x000000005d255000 	/System/Library/Frameworks/CoreServices.framework/Versions/A/Frameworks/SearchKit.framework/Versions/A/SearchKit
0x000000005d255000 	/System/Library/Frameworks/CoreServices.framework/Versions/A/Frameworks/AE.framework/Versions/A/AE
0x000000005d255000 	/System/Library/Frameworks/CoreServices.framework/Versions/A/Frameworks/LaunchServices.framework/Versions/A/LaunchServices
0x000000005d255000 	/System/Library/Frameworks/CoreServices.framework/Versions/A/Frameworks/DictionaryServices.framework/Versions/A/DictionaryServices
0x000000005d255000 	/System/Library/Frameworks/CoreServices.framework/Versions/A/Frameworks/SharedFileList.framework/Versions/A/SharedFileList
0x000000005d255000 	/System/Library/Frameworks/NetFS.framework/Versions/A/NetFS
0x000000005d255000 	/System/Library/PrivateFrameworks/NetAuth.framework/Versions/A/NetAuth
0x000000005d255000 	/System/Library/PrivateFrameworks/login.framework/Versions/A/Frameworks/loginsupport.framework/Versions/A/loginsupport
0x000000005d255000 	/System/Library/PrivateFrameworks/TCC.framework/Versions/A/TCC
0x000000005d255000 	/usr/lib/libmecabra.dylib
0x000000005d255000 	/System/Library/Frameworks/ApplicationServices.framework/Versions/A/Frameworks/ATS.framework/Versions/A/ATS
0x000000005d255000 	/System/Library/Frameworks/ApplicationServices.framework/Versions/A/Frameworks/ColorSync.framework/Versions/A/ColorSync
0x000000005d255000 	/System/Library/Frameworks/ApplicationServices.framework/Versions/A/Frameworks/HIServices.framework/Versions/A/HIServices
0x000000005d255000 	/System/Library/Frameworks/ApplicationServices.framework/Versions/A/Frameworks/LangAnalysis.framework/Versions/A/LangAnalysis
0x000000005d255000 	/System/Library/Frameworks/ApplicationServices.framework/Versions/A/Frameworks/PrintCore.framework/Versions/A/PrintCore
0x000000005d255000 	/System/Library/Frameworks/ApplicationServices.framework/Versions/A/Frameworks/QD.framework/Versions/A/QD
0x000000005d255000 	/System/Library/Frameworks/ApplicationServices.framework/Versions/A/Frameworks/SpeechSynthesis.framework/Versions/A/SpeechSynthesis
0x000000005d255000 	/System/Library/Frameworks/Accelerate.framework/Versions/A/Frameworks/vImage.framework/Versions/A/vImage
0x000000005d255000 	/System/Library/Frameworks/Accelerate.framework/Versions/A/Frameworks/vecLib.framework/Versions/A/vecLib
0x000000005d255000 	/System/Library/Frameworks/Accelerate.framework/Versions/A/Frameworks/vecLib.framework/Versions/A/libvDSP.dylib
0x000000005d255000 	/System/Library/Frameworks/Accelerate.framework/Versions/A/Frameworks/vecLib.framework/Versions/A/libBNNS.dylib
0x000000005d255000 	/System/Library/Frameworks/Accelerate.framework/Versions/A/Frameworks/vecLib.framework/Versions/A/libQuadrature.dylib
0x000000005d255000 	/System/Library/Frameworks/Accelerate.framework/Versions/A/Frameworks/vecLib.framework/Versions/A/libvMisc.dylib
0x000000005d255000 	/System/Library/Frameworks/Accelerate.framework/Versions/A/Frameworks/vecLib.framework/Versions/A/libLAPACK.dylib
0x000000005d255000 	/System/Library/Frameworks/Accelerate.framework/Versions/A/Frameworks/vecLib.framework/Versions/A/libBLAS.dylib
0x000000005d255000 	/System/Library/Frameworks/Accelerate.framework/Versions/A/Frameworks/vecLib.framework/Versions/A/libLinearAlgebra.dylib
0x000000005d255000 	/System/Library/Frameworks/Accelerate.framework/Versions/A/Frameworks/vecLib.framework/Versions/A/libSparseBLAS.dylib
0x000000005d255000 	/System/Library/Frameworks/ApplicationServices.framework/Versions/A/Frameworks/ATS.framework/Versions/A/Resources/libFontParser.dylib
0x000000005d255000 	/System/Library/Frameworks/ApplicationServices.framework/Versions/A/Frameworks/ATS.framework/Versions/A/Resources/libFontRegistry.dylib
0x000000005d255000 	/System/Library/Frameworks/ImageIO.framework/Versions/A/Resources/libJPEG.dylib
0x000000005d255000 	/System/Library/Frameworks/ImageIO.framework/Versions/A/Resources/libTIFF.dylib
0x000000005d255000 	/System/Library/Frameworks/ImageIO.framework/Versions/A/Resources/libPng.dylib
0x000000005d255000 	/System/Library/Frameworks/ImageIO.framework/Versions/A/Resources/libGIF.dylib
0x000000005d255000 	/System/Library/Frameworks/ImageIO.framework/Versions/A/Resources/libJP2.dylib
0x000000005d255000 	/System/Library/Frameworks/ImageIO.framework/Versions/A/Resources/libRadiance.dylib
0x000000005d255000 	/usr/lib/libcompression.dylib
0x000000005d255000 	/System/Library/PrivateFrameworks/AppleJPEG.framework/Versions/A/AppleJPEG
0x000000005d255000 	/usr/lib/libcups.2.dylib
0x000000005d255000 	/System/Library/Frameworks/Kerberos.framework/Versions/A/Kerberos
0x000000005d255000 	/System/Library/Frameworks/GSS.framework/Versions/A/GSS
0x000000005d255000 	/usr/lib/libresolv.9.dylib
0x000000005d255000 	/usr/lib/libiconv.2.dylib
0x000000005d255000 	/System/Library/PrivateFrameworks/Heimdal.framework/Versions/A/Heimdal
0x000000005d255000 	/usr/lib/libheimdal-asn1.dylib
0x000000005d255000 	/System/Library/Frameworks/OpenDirectory.framework/Versions/A/OpenDirectory
0x000000005d255000 	/System/Library/PrivateFrameworks/CommonAuth.framework/Versions/A/CommonAuth
0x000000005d255000 	/System/Library/Frameworks/OpenDirectory.framework/Versions/A/Frameworks/CFOpenDirectory.framework/Versions/A/CFOpenDirectory
0x000000005d255000 	/System/Library/Frameworks/SecurityFoundation.framework/Versions/A/SecurityFoundation
0x000000005d255000 	/System/Library/PrivateFrameworks/LanguageModeling.framework/Versions/A/LanguageModeling
0x000000005d255000 	/usr/lib/libmarisa.dylib
0x000000005d255000 	/usr/lib/libChineseTokenizer.dylib
0x000000005d255000 	/usr/lib/libcmph.dylib
0x000000005d255000 	/System/Library/PrivateFrameworks/CoreEmoji.framework/Versions/A/CoreEmoji
0x000000005d255000 	/System/Library/Frameworks/ServiceManagement.framework/Versions/A/ServiceManagement
0x000000005d255000 	/usr/lib/libxslt.1.dylib
0x000000005d255000 	/System/Library/Frameworks/Carbon.framework/Versions/A/Frameworks/Ink.framework/Versions/A/Ink
0x000000005d255000 	/System/Library/PrivateFrameworks/TextureIO.framework/Versions/A/TextureIO
0x000000005d255000 	/System/Library/Frameworks/Metal.framework/Versions/A/Metal
0x000000005d255000 	/usr/lib/libate.dylib
0x000000005d255000 	/System/Library/PrivateFrameworks/GPUCompiler.framework/libmetal_timestamp.dylib
0x000000005d255000 	/System/Library/Frameworks/OpenGL.framework/Versions/A/Libraries/libCoreFSCache.dylib
0x000000005d255000 	/System/Library/PrivateFrameworks/IOAccelerator.framework/Versions/A/IOAccelerator
0x000000005d255000 	/System/Library/Frameworks/CoreVideo.framework/Versions/A/CoreVideo
0x000000005d255000 	/usr/lib/libFosl_dynamic.dylib
0x000000005d255000 	/System/Library/PrivateFrameworks/MetalPerformanceShaders.framework/Versions/A/MetalPerformanceShaders
0x000000005d255000 	/System/Library/PrivateFrameworks/FaceCore.framework/Versions/A/FaceCore
0x000000005d255000 	/System/Library/Frameworks/OpenCL.framework/Versions/A/OpenCL
0x000000005d255000 	/System/Library/Frameworks/OpenGL.framework/Versions/A/Libraries/libGLU.dylib
0x000000005d255000 	/System/Library/Frameworks/OpenGL.framework/Versions/A/Libraries/libGFXShared.dylib
0x000000005d255000 	/System/Library/Frameworks/OpenGL.framework/Versions/A/Libraries/libGL.dylib
0x000000005d255000 	/System/Library/Frameworks/OpenGL.framework/Versions/A/Libraries/libGLImage.dylib
0x000000005d255000 	/System/Library/Frameworks/OpenGL.framework/Versions/A/Libraries/libCVMSPluginSupport.dylib
0x000000005d255000 	/System/Library/Frameworks/OpenGL.framework/Versions/A/Libraries/libCoreVMClient.dylib
0x000000005d255000 	/System/Library/PrivateFrameworks/CrashReporterSupport.framework/Versions/A/CrashReporterSupport
0x000000005d255000 	/System/Library/PrivateFrameworks/Sharing.framework/Versions/A/Sharing
0x000000005d255000 	/System/Library/PrivateFrameworks/IconServices.framework/Versions/A/IconServices
0x000000005d255000 	/System/Library/PrivateFrameworks/ProtocolBuffer.framework/Versions/A/ProtocolBuffer
0x000000005d255000 	/System/Library/PrivateFrameworks/Apple80211.framework/Versions/A/Apple80211
0x000000005d255000 	/System/Library/Frameworks/CoreWLAN.framework/Versions/A/CoreWLAN
0x000000005d255000 	/System/Library/PrivateFrameworks/CoreUtils.framework/Versions/A/CoreUtils
0x000000005d255000 	/System/Library/Frameworks/IOBluetooth.framework/Versions/A/IOBluetooth
0x000000005d255000 	/System/Library/PrivateFrameworks/CoreWiFi.framework/Versions/A/CoreWiFi
0x000000005d255000 	/System/Library/Frameworks/CoreBluetooth.framework/Versions/A/CoreBluetooth
0x000000005d255000 	/System/Library/Frameworks/CoreDisplay.framework/Versions/A/CoreDisplay
0x000000005d255000 	/System/Library/PrivateFrameworks/IOPresentment.framework/Versions/A/IOPresentment
0x000000005d255000 	/System/Library/PrivateFrameworks/DebugSymbols.framework/Versions/A/DebugSymbols
0x000000005d255000 	/System/Library/PrivateFrameworks/CoreSymbolication.framework/Versions/A/CoreSymbolication
0x000000005d255000 	/System/Library/PrivateFrameworks/Symbolication.framework/Versions/A/Symbolication
0x000000005d255000 	/System/Library/PrivateFrameworks/AppleFSCompression.framework/Versions/A/AppleFSCompression
0x000000005d255000 	/System/Library/PrivateFrameworks/SpeechRecognitionCore.framework/Versions/A/SpeechRecognitionCore
0x000000005d255000 	/System/Library/PrivateFrameworks/ChunkingLibrary.framework/Versions/A/ChunkingLibrary
0x000000010090d000 	/Library/Java/JavaVirtualMachines/jdk1.8.0_101.jdk/Contents/Home/jre/lib/server/libjvm.dylib
0x000000005d255000 	/usr/lib/libstdc++.6.dylib
0x00000001018aa000 	/Library/Java/JavaVirtualMachines/jdk1.8.0_101.jdk/Contents/Home/jre/lib/libverify.dylib
0x00000001018b8000 	/Library/Java/JavaVirtualMachines/jdk1.8.0_101.jdk/Contents/Home/jre/lib/libjava.dylib
0x00000001018ee000 	/Library/Java/JavaVirtualMachines/jdk1.8.0_101.jdk/Contents/Home/jre/lib/libjdwp.dylib
0x0000000101939000 	/Library/Java/JavaVirtualMachines/jdk1.8.0_101.jdk/Contents/Home/jre/lib/libnpt.dylib
0x0000000101946000 	/Library/Java/JavaVirtualMachines/jdk1.8.0_101.jdk/Contents/Home/jre/lib/libzip.dylib
0x0000000106563000 	/System/Library/Frameworks/JavaVM.framework/Frameworks/JavaRuntimeSupport.framework/JavaRuntimeSupport
0x00000001019e7000 	/System/Library/Frameworks/JavaVM.framework/Versions/A/Frameworks/JavaNativeFoundation.framework/Versions/A/JavaNativeFoundation
0x000000010657d000 	/System/Library/Frameworks/JavaVM.framework/Versions/A/JavaVM
0x000000005d255000 	/System/Library/Frameworks/Carbon.framework/Versions/A/Carbon
0x000000010658a000 	/System/Library/PrivateFrameworks/JavaLaunching.framework/Versions/A/JavaLaunching
0x000000005d255000 	/System/Library/Frameworks/Carbon.framework/Versions/A/Frameworks/CommonPanels.framework/Versions/A/CommonPanels
0x000000005d255000 	/System/Library/Frameworks/Carbon.framework/Versions/A/Frameworks/Help.framework/Versions/A/Help
0x000000005d255000 	/System/Library/Frameworks/Carbon.framework/Versions/A/Frameworks/ImageCapture.framework/Versions/A/ImageCapture
0x000000005d255000 	/System/Library/Frameworks/Carbon.framework/Versions/A/Frameworks/OpenScripting.framework/Versions/A/OpenScripting
0x000000005d255000 	/System/Library/Frameworks/Carbon.framework/Versions/A/Frameworks/Print.framework/Versions/A/Print
0x000000005d255000 	/System/Library/Frameworks/Carbon.framework/Versions/A/Frameworks/SecurityHI.framework/Versions/A/SecurityHI
0x0000000107e92000 	/Library/Java/JavaVirtualMachines/jdk1.8.0_101.jdk/Contents/Home/jre/lib/libdt_socket.dylib
0x000000010838c000 	/Library/Java/JavaVirtualMachines/jdk1.8.0_101.jdk/Contents/Home/jre/lib/libnet.dylib

VM Arguments:
jvm_args: -agentlib:jdwp=transport=dt_socket,address=127.0.0.1:50145,suspend=y,server=n -Dfile.encoding=UTF-8 
java_command: example.JDBC
java_class_path (initial): /Library/Java/JavaVirtualMachines/jdk1.8.0_101.jdk/Contents/Home/jre/lib/charsets.jar:/Library/Java/JavaVirtualMachines/jdk1.8.0_101.jdk/Contents/Home/jre/lib/deploy.jar:/Library/Java/JavaVirtualMachines/jdk1.8.0_101.jdk/Contents/Home/jre/lib/ext/cldrdata.jar:/Library/Java/JavaVirtualMachines/jdk1.8.0_101.jdk/Contents/Home/jre/lib/ext/dnsns.jar:/Library/Java/JavaVirtualMachines/jdk1.8.0_101.jdk/Contents/Home/jre/lib/ext/jaccess.jar:/Library/Java/JavaVirtualMachines/jdk1.8.0_101.jdk/Contents/Home/jre/lib/ext/jfxrt.jar:/Library/Java/JavaVirtualMachines/jdk1.8.0_101.jdk/Contents/Home/jre/lib/ext/localedata.jar:/Library/Java/JavaVirtualMachines/jdk1.8.0_101.jdk/Contents/Home/jre/lib/ext/nashorn.jar:/Library/Java/JavaVirtualMachines/jdk1.8.0_101.jdk/Contents/Home/jre/lib/ext/sunec.jar:/Library/Java/JavaVirtualMachines/jdk1.8.0_101.jdk/Contents/Home/jre/lib/ext/sunjce_provider.jar:/Library/Java/JavaVirtualMachines/jdk1.8.0_101.jdk/Contents/Home/jre/lib/ext/sunpkcs11.jar:/Library/Java/JavaVirtualMachines/jdk1.8.0_101.jdk/Contents/Home/jre/lib/ext/zipfs.jar:/Library/Java/JavaVirtualMachines/jdk1.8.0_101.jdk/Contents/Home/jre/lib/javaws.jar:/Library/Java/JavaVirtualMachines/jdk1.8.0_101.jdk/Contents/Home/jre/lib/jce.jar:/Library/Java/JavaVirtualMachines/jdk1.8.0_101.jdk/Contents/Home/jre/lib/jfr.jar:/Library/Java/JavaVirtualMachines/jdk1.8.0_101.jdk/Contents/Home/jre/lib/jfxswt.jar:/Library/Java/JavaVirtualMachines/jdk1.8.0_101.jdk/Contents/Home/jre/lib/jsse.jar:/Library/Java/JavaVirtualMachines/jdk1.8.0_101.jdk/Contents/Home/jre/lib/management-agent.jar:/Library/Java/JavaVirtualMachines/jdk1.8.0_101.jdk/Contents/Home/jre/lib/plugin.jar:/Library/Java/JavaVirtualMachines/jdk1.8.0_101.jdk/Contents/Home/jre/lib/resources.jar:/Library/Java/JavaVirtualMachines/jdk1.8.0_101.jdk/Contents/Home/jre/lib/rt.jar:/Library/Java/JavaVirtualMachines/jdk1.8.0_101.jdk/Contents/Home/lib/ant-javafx.jar:/Library/Java/JavaVirtualMachines/jdk1.8.0_101.jdk/Contents/Home
Launcher Type: SUN_STANDARD

Environment Variables:
PATH=/usr/local/bin:/usr/bin:/bin:/usr/sbin:/sbin
SHELL=/bin/bash

Signal Handlers:
SIGSEGV: [libjvm.dylib+0x5af145], sa_mask[0]=11111111011111110111111111111111, sa_flags=SA_ONSTACK|SA_RESTART|SA_SIGINFO
SIGBUS: [libjvm.dylib+0x5af145], sa_mask[0]=11111111011111110111111111111111, sa_flags=SA_RESTART|SA_SIGINFO
SIGFPE: [libjvm.dylib+0x48694c], sa_mask[0]=11111111011111110111111111111111, sa_flags=SA_RESTART|SA_SIGINFO
SIGPIPE: [libjvm.dylib+0x48694c], sa_mask[0]=11111111011111110111111111111111, sa_flags=SA_RESTART|SA_SIGINFO
SIGXFSZ: [libjvm.dylib+0x48694c], sa_mask[0]=11111111011111110111111111111111, sa_flags=SA_RESTART|SA_SIGINFO
SIGILL: [libjvm.dylib+0x48694c], sa_mask[0]=11111111011111110111111111111111, sa_flags=SA_RESTART|SA_SIGINFO
SIGUSR1: SIG_DFL, sa_mask[0]=00000000000000000000000000000000, sa_flags=none
SIGUSR2: [libjvm.dylib+0x48646a], sa_mask[0]=00100000000000000000000000000000, sa_flags=SA_RESTART|SA_SIGINFO
SIGHUP: [libjvm.dylib+0x484a41], sa_mask[0]=11111111011111110111111111111111, sa_flags=SA_RESTART|SA_SIGINFO
SIGINT: [libjvm.dylib+0x484a41], sa_mask[0]=11111111011111110111111111111111, sa_flags=SA_RESTART|SA_SIGINFO
SIGTERM: [libjvm.dylib+0x484a41], sa_mask[0]=11111111011111110111111111111111, sa_flags=SA_RESTART|SA_SIGINFO
SIGQUIT: [libjvm.dylib+0x484a41], sa_mask[0]=11111111011111110111111111111111, sa_flags=SA_RESTART|SA_SIGINFO


---------------  S Y S T E M  ---------------

OS:Bsduname:Darwin 16.4.0 Darwin Kernel Version 16.4.0: Thu Dec 22 22:53:21 PST 2016; root:xnu-3789.41.3~3/RELEASE_X86_64 x86_64
rlimit: STACK 8192k, CORE 0k, NPROC 709, NOFILE 10240, AS infinity
load average:4.19 3.95 3.95

CPU:total 4 (2 cores per cpu, 2 threads per core) family 6 model 58 stepping 9, cmov, cx8, fxsr, mmx, sse, sse2, sse3, ssse3, sse4.1, sse4.2, popcnt, avx, aes, clmul, erms, ht, tsc, tscinvbit, tscinv

Memory: 4k page, physical 4194304k(53456k free)

/proc/meminfo:


vm_info: Java HotSpot(TM) 64-Bit Server VM (25.101-b13) for bsd-amd64 JRE (1.8.0_101-b13), built on Jun 22 2016 02:42:15 by "java_re" with gcc 4.2.1 (Based on Apple Inc. build 5658) (LLVM build 2336.11.00)

time: Sat Mar 18 18:42:29 2017
elapsed time: 8926 seconds (0d 2h 28m 46s)

