#
# A fatal error has been detected by the Java Runtime Environment:
#
#  SIGSEGV (0xb) at pc=0x000000010804c594, pid=8399, tid=0x0000000000004203
#
# JRE version: Java(TM) SE Runtime Environment (8.0_101-b13) (build 1.8.0_101-b13)
# Java VM: Java HotSpot(TM) 64-Bit Server VM (25.101-b13 mixed mode bsd-amd64 compressed oops)
# Problematic frame:
# V  [libjvm.dylib+0x44c594]
#
# Failed to write core dump. Core dumps have been disabled. To enable core dumping, try "ulimit -c unlimited" before starting Java again
#
# If you would like to submit a bug report, please visit:
#   http://bugreport.java.com/bugreport/crash.jsp
#

---------------  T H R E A D  ---------------

Current thread (0x00007fd1db076800):  JavaThread "JDWP Transport Listener: dt_socket" daemon [_thread_in_vm, id=16899, stack(0x0000700010572000,0x0000700010672000)]

siginfo: si_signo: 11 (SIGSEGV), si_code: 0 (unknown), si_addr: 0x0000000000000000

Registers:
RAX=0x0000000000000001, RBX=0x0000700010671a8b, RCX=0x000000010841f360, RDX=0x0000700010671a8b
RSP=0x00007000106719d0, RBP=0x00007000106719e0, RSI=0x00007fd1db076800, RDI=0x412f6c690056003b
R8 =0x0000000000000000, R9 =0x00007fd1daf5bd00, R10=0x0000000000000001, R11=0x0000000000000001
R12=0x00007fd1db076800, R13=0x412f6c690056003b, R14=0x412f6c690056003b, R15=0x00007fd1dad07f00
RIP=0x000000010804c594, EFLAGS=0x0000000000010202, ERR=0x0000000000000000
  TRAPNO=0x000000000000000d

Top of Stack: (sp=0x00007000106719d0)
0x00007000106719d0:   0000700010671a8b 0000700010671a8b
0x00007000106719e0:   0000700010671a40 0000000107f580d2
0x00007000106719f0:   00007fd1db076800 0000000000000000
0x0000700010671a00:   0000000000000000 0000000000000000
0x0000700010671a10:   00007fd1db076800 00007fd1db076800
0x0000700010671a20:   0000700010671a8b 0000700010671a90
0x0000700010671a30:   412f6c690056003b 0000000000000014
0x0000700010671a40:   0000700010671a60 0000000108bbd780
0x0000700010671a50:   0000000000000001 0000700010671b08
0x0000700010671a60:   0000700010671ad0 0000000108ba21f3
0x0000700010671a70:   0000700010671aa0 00007fd1daf5c3c0
0x0000700010671a80:   0000001500000032 0000000800671b08
0x0000700010671a90:   0000000000000000 0000000000000000
0x0000700010671aa0:   0000000000000000 0000700010671c90
0x0000700010671ab0:   0000000108bc4e7a 00007fd1daf5b240
0x0000700010671ac0:   0000700010671b08 0000000108bd0598
0x0000700010671ad0:   0000700010671ae0 0000000108ba22ec
0x0000700010671ae0:   0000700010671d00 0000000108bab898
0x0000700010671af0:   00012e1e00000013 00000000000f0200
0x0000700010671b00:   00007fd1daf58750 00007fd1dca1519e
0x0000700010671b10:   00007fd100000112 00007fd1daf5bce0
0x0000700010671b20:   00007fd10000012c 0000700010671b58
0x0000700010671b30:   00007fd1daf5c290 0000000000000000
0x0000700010671b40:   00012e1e0000000f 00007fd100009480
0x0000700010671b50:   0000700010671b58 d17f000015000000
0x0000700010671b60:   1b0000009854c7da 6f7250646c697562
0x0000700010671b70:   6e49646574636574 6d6d6f4374726573
0x0000700010671b80:   2850000000646e61 616c2f6176616a4c
0x0000700010671b90:   6e697274532f676e 2f6176616a4c3b67
0x0000700010671ba0:   7272412f6c697475 4c3b7473694c7961
0x0000700010671bb0:   6974752f6176616a 4c79617272412f6c
0x0000700010671bc0:   616a4c293b747369 2f676e616c2f6176 

Instructions: (pc=0x000000010804c594)
0x000000010804c574:   40 48 48 85 c0 75 e0 30 c0 0f b6 c0 5d c3 31 c0
0x000000010804c584:   5d c3 55 48 89 e5 53 48 83 ec 08 48 85 ff 74 24
0x000000010804c594:   48 8b 1f 48 85 db 74 1c 48 83 fb 37 74 16 48 8b
0x000000010804c5a4:   03 48 89 df ff 50 10 84 c0 b8 00 00 00 00 48 0f 

Register to memory mapping:

RAX=0x0000000000000001 is an unknown value
RBX=0x0000700010671a8b is pointing into the stack for thread: 0x00007fd1db076800
RCX=0x000000010841f360: UseMembar+0 in /Library/Java/JavaVirtualMachines/jdk1.8.0_101.jdk/Contents/Home/jre/lib/server/libjvm.dylib at 0x0000000107c00000
RDX=0x0000700010671a8b is pointing into the stack for thread: 0x00007fd1db076800
RSP=0x00007000106719d0 is pointing into the stack for thread: 0x00007fd1db076800
RBP=0x00007000106719e0 is pointing into the stack for thread: 0x00007fd1db076800
RSI=0x00007fd1db076800 is a thread
RDI=0x412f6c690056003b is an unknown value
R8 =0x0000000000000000 is an unknown value
R9 =0x00007fd1daf5bd00 is an unknown value
R10=0x0000000000000001 is an unknown value
R11=0x0000000000000001 is an unknown value
R12=0x00007fd1db076800 is a thread
R13=0x412f6c690056003b is an unknown value
R14=0x412f6c690056003b is an unknown value
R15=0x00007fd1dad07f00 is an unknown value


Stack: [0x0000700010572000,0x0000700010672000],  sp=0x00007000106719d0,  free space=1022k
Native frames: (J=compiled Java code, j=interpreted, Vv=VM code, C=native code)
V  [libjvm.dylib+0x44c594]
V  [libjvm.dylib+0x3580d2]
C  [libjdwp.dylib+0x20780]  isMethodSynthetic+0x63
C  [libjdwp.dylib+0x51f3]  methods1+0x10b
C  [libjdwp.dylib+0x52ec]  methodsWithGeneric+0xe
C  [libjdwp.dylib+0xe898]  debugLoop_run+0x1ce
C  [libjdwp.dylib+0x1f6ba]  attachThread+0x4d
V  [libjvm.dylib+0x399438]
V  [libjvm.dylib+0x5695ab]
V  [libjvm.dylib+0x56ac98]
V  [libjvm.dylib+0x48933a]
C  [libsystem_pthread.dylib+0x3aab]  _pthread_body+0xb4
C  [libsystem_pthread.dylib+0x39f7]  _pthread_body+0x0
C  [libsystem_pthread.dylib+0x31fd]  thread_start+0xd
C  0x0000000000000000


---------------  P R O C E S S  ---------------

Java Threads: ( => current thread )
  0x00007fd1dc947000 JavaThread "Abandoned connection cleanup thread" daemon [_thread_blocked, id=20995, stack(0x0000700010d8a000,0x0000700010e8a000)]
  0x00007fd1dc03b800 JavaThread "Service Thread" daemon [_thread_blocked, id=19971, stack(0x0000700010b84000,0x0000700010c84000)]
  0x00007fd1dc031000 JavaThread "C1 CompilerThread2" daemon [_thread_blocked, id=19459, stack(0x0000700010a81000,0x0000700010b81000)]
  0x00007fd1dc030000 JavaThread "C2 CompilerThread1" daemon [_thread_blocked, id=18947, stack(0x000070001097e000,0x0000700010a7e000)]
  0x00007fd1dc80d000 JavaThread "C2 CompilerThread0" daemon [_thread_blocked, id=18435, stack(0x000070001087b000,0x000070001097b000)]
  0x00007fd1db077000 JavaThread "JDWP Command Reader" daemon [_thread_in_native, id=17923, stack(0x0000700010778000,0x0000700010878000)]
  0x00007fd1dc80b800 JavaThread "JDWP Event Helper Thread" daemon [_thread_blocked, id=17411, stack(0x0000700010675000,0x0000700010775000)]
=>0x00007fd1db076800 JavaThread "JDWP Transport Listener: dt_socket" daemon [_thread_in_vm, id=16899, stack(0x0000700010572000,0x0000700010672000)]
  0x00007fd1db07f000 JavaThread "Signal Dispatcher" daemon [_thread_blocked, id=16387, stack(0x000070001046f000,0x000070001056f000)]
  0x00007fd1db06d800 JavaThread "Finalizer" daemon [_thread_blocked, id=12547, stack(0x000070001036c000,0x000070001046c000)]
  0x00007fd1db00c800 JavaThread "Reference Handler" daemon [_thread_blocked, id=12035, stack(0x0000700010269000,0x0000700010369000)]
  0x00007fd1db026800 JavaThread "main" [_thread_blocked, id=7171, stack(0x000070000fc57000,0x000070000fd57000)]

Other Threads:
  0x00007fd1dc802800 VMThread [stack: 0x0000700010166000,0x0000700010266000] [id=11523]
  0x00007fd1dc03c000 WatcherThread [stack: 0x0000700010c87000,0x0000700010d87000] [id=20483]

VM state:not at safepoint (normal execution)

VM Mutex/Monitor currently owned by a thread: None

Heap:
 PSYoungGen      total 18944K, used 6424K [0x00000007aab00000, 0x00000007ac000000, 0x00000007c0000000)
  eden space 16384K, 23% used [0x00000007aab00000,0x00000007aaec9288,0x00000007abb00000)
  from space 2560K, 99% used [0x00000007abb00000,0x00000007abd7d090,0x00000007abd80000)
  to   space 2560K, 0% used [0x00000007abd80000,0x00000007abd80000,0x00000007ac000000)
 ParOldGen       total 44032K, used 1321K [0x0000000780000000, 0x0000000782b00000, 0x00000007aab00000)
  object space 44032K, 3% used [0x0000000780000000,0x000000078014a5c8,0x0000000782b00000)
 Metaspace       used 9933K, capacity 10114K, committed 10368K, reserved 1058816K
  class space    used 1071K, capacity 1133K, committed 1152K, reserved 1048576K

Card table byte_map: [0x0000000108fa8000,0x00000001091a9000] byte_map_base: 0x00000001053a8000

Marking Bits: (ParMarkBitMap*) 0x00000001084edd20
 Begin Bits: [0x00000001092ff000, 0x000000010a2ff000)
 End Bits:   [0x000000010a2ff000, 0x000000010b2ff000)

Polling page: 0x00000001073bb000

CodeCache: size=245760Kb used=2617Kb max_used=2617Kb free=243142Kb
 bounds [0x000000011400e000, 0x000000011429e000, 0x000000012300e000]
 total_blobs=960 nmethods=602 adapters=280
 compilation: enabled

Compilation events (10 events):
Event: 1.675 Thread 0x00007fd1dc031000 nmethod 598 0x00000001142923d0 code [0x0000000114292520, 0x0000000114292630]
Event: 1.675 Thread 0x00007fd1dc031000  599       1       com.mysql.cj.mysqla.io.Buffer::getByteBuffer (5 bytes)
Event: 1.675 Thread 0x00007fd1dc031000 nmethod 599 0x0000000114292690 code [0x00000001142927e0, 0x00000001142928f0]
Event: 1.676 Thread 0x00007fd1dc031000  600       1       java.lang.Boolean::booleanValue (5 bytes)
Event: 1.676 Thread 0x00007fd1dc031000 nmethod 600 0x0000000114292950 code [0x0000000114292aa0, 0x0000000114292bb0]
Event: 1.676 Thread 0x00007fd1dc031000  601       3       sun.invoke.util.VerifyAccess::isTypeVisible (118 bytes)
Event: 1.679 Thread 0x00007fd1dc031000 nmethod 601 0x0000000114292c10 code [0x0000000114292f60, 0x0000000114294f38]
Event: 1.679 Thread 0x00007fd1dc031000  602       3       jdk.internal.org.objectweb.asm.Item::<init> (5 bytes)
Event: 1.679 Thread 0x00007fd1dc031000 nmethod 602 0x0000000114295dd0 code [0x0000000114295f40, 0x00000001142960f0]
Event: 1.698 Thread 0x00007fd1dc80d000 nmethod 596 0x0000000114299850 code [0x0000000114299a00, 0x000000011429a4b8]

GC Heap History (2 events):
Event: 1.610 GC heap before
{Heap before GC invocations=1 (full 0):
 PSYoungGen      total 18944K, used 16384K [0x00000007aab00000, 0x00000007ac000000, 0x00000007c0000000)
  eden space 16384K, 100% used [0x00000007aab00000,0x00000007abb00000,0x00000007abb00000)
  from space 2560K, 0% used [0x00000007abd80000,0x00000007abd80000,0x00000007ac000000)
  to   space 2560K, 0% used [0x00000007abb00000,0x00000007abb00000,0x00000007abd80000)
 ParOldGen       total 44032K, used 0K [0x0000000780000000, 0x0000000782b00000, 0x00000007aab00000)
  object space 44032K, 0% used [0x0000000780000000,0x0000000780000000,0x0000000782b00000)
 Metaspace       used 7387K, capacity 7520K, committed 7808K, reserved 1056768K
  class space    used 795K, capacity 844K, committed 896K, reserved 1048576K
Event: 1.617 GC heap after
Heap after GC invocations=1 (full 0):
 PSYoungGen      total 18944K, used 2548K [0x00000007aab00000, 0x00000007ac000000, 0x00000007c0000000)
  eden space 16384K, 0% used [0x00000007aab00000,0x00000007aab00000,0x00000007abb00000)
  from space 2560K, 99% used [0x00000007abb00000,0x00000007abd7d090,0x00000007abd80000)
  to   space 2560K, 0% used [0x00000007abd80000,0x00000007abd80000,0x00000007ac000000)
 ParOldGen       total 44032K, used 1321K [0x0000000780000000, 0x0000000782b00000, 0x00000007aab00000)
  object space 44032K, 3% used [0x0000000780000000,0x000000078014a5c8,0x0000000782b00000)
 Metaspace       used 7387K, capacity 7520K, committed 7808K, reserved 1056768K
  class space    used 795K, capacity 844K, committed 896K, reserved 1048576K
}

Deoptimization events (3 events):
Event: 0.809 Thread 0x00007fd1db026800 Uncommon trap: reason=unstable_if action=reinterpret pc=0x000000011413d760 method=java.lang.String.indexOf(II)I @ 49
Event: 0.810 Thread 0x00007fd1db026800 Uncommon trap: reason=unstable_if action=reinterpret pc=0x000000011412d944 method=java.lang.String.indexOf(II)I @ 49
Event: 1.373 Thread 0x00007fd1db026800 Uncommon trap: reason=unstable_if action=reinterpret pc=0x00000001141de4b8 method=java.util.Properties.loadConvert([CII[C)Ljava/lang/String; @ 4

Internal exceptions (8 events):
Event: 0.149 Thread 0x00007fd1db026800 Exception <a 'java/lang/NoSuchMethodError': Method sun.misc.Unsafe.defineClass(Ljava/lang/String;[BII)Ljava/lang/Class; name or signature does not match> (0x00000007aab07cc0) thrown at [/HUDSON3/workspace/8-2-build-macosx-x86_64/jdk8u101/7261/hotspot/src/
Event: 0.149 Thread 0x00007fd1db026800 Exception <a 'java/lang/NoSuchMethodError': Method sun.misc.Unsafe.prefetchRead(Ljava/lang/Object;J)V name or signature does not match> (0x00000007aab07fa8) thrown at [/HUDSON3/workspace/8-2-build-macosx-x86_64/jdk8u101/7261/hotspot/src/share/vm/prims/jni
Event: 0.803 Thread 0x00007fd1db026800 Exception <a 'java/security/PrivilegedActionException'> (0x00000007aae19b08) thrown at [/HUDSON3/workspace/8-2-build-macosx-x86_64/jdk8u101/7261/hotspot/src/share/vm/prims/jvm.cpp, line 1386]
Event: 0.803 Thread 0x00007fd1db026800 Exception <a 'java/security/PrivilegedActionException'> (0x00000007aae19d18) thrown at [/HUDSON3/workspace/8-2-build-macosx-x86_64/jdk8u101/7261/hotspot/src/share/vm/prims/jvm.cpp, line 1386]
Event: 0.803 Thread 0x00007fd1db026800 Exception <a 'java/security/PrivilegedActionException'> (0x00000007aae1d208) thrown at [/HUDSON3/workspace/8-2-build-macosx-x86_64/jdk8u101/7261/hotspot/src/share/vm/prims/jvm.cpp, line 1386]
Event: 0.803 Thread 0x00007fd1db026800 Exception <a 'java/security/PrivilegedActionException'> (0x00000007aae1d418) thrown at [/HUDSON3/workspace/8-2-build-macosx-x86_64/jdk8u101/7261/hotspot/src/share/vm/prims/jvm.cpp, line 1386]
Event: 0.958 Thread 0x00007fd1db026800 Exception <a 'java/lang/NoSuchFieldError': method resolution failed> (0x00000007aaf78030) thrown at [/HUDSON3/workspace/8-2-build-macosx-x86_64/jdk8u101/7261/hotspot/src/share/vm/prims/methodHandles.cpp, line 1146]
Event: 0.962 Thread 0x00007fd1db026800 Exception <a 'java/lang/NoSuchFieldError': method resolution failed> (0x00000007aaf853b0) thrown at [/HUDSON3/workspace/8-2-build-macosx-x86_64/jdk8u101/7261/hotspot/src/share/vm/prims/methodHandles.cpp, line 1146]

Events (10 events):
Event: 9323.500 Executing VM operation: RevokeBias
Event: 9323.500 Executing VM operation: RevokeBias done
Event: 9323.500 Thread 0x00007fd1db076800 DEOPT PACKING pc=0x00000001141b6394 sp=0x000070001066dd50
Event: 9323.500 Thread 0x00007fd1db076800 DEOPT UNPACKING pc=0x0000000114055633 sp=0x000070001066db90 mode 1
Event: 9323.500 Executing VM operation: RevokeBias
Event: 9323.501 Executing VM operation: RevokeBias done
Event: 9323.501 Thread 0x00007fd1db076800 DEOPT PACKING pc=0x00000001141b6134 sp=0x000070001066dee0
Event: 9323.501 Thread 0x00007fd1db076800 DEOPT UNPACKING pc=0x0000000114055633 sp=0x000070001066dd20 mode 1
Event: 9323.508 Executing VM operation: RedefineClasses
Event: 9323.533 Executing VM operation: RedefineClasses done


Dynamic libraries:
0x000000005d255000 	/System/Library/Frameworks/Cocoa.framework/Versions/A/Cocoa
0x000000005d255000 	/System/Library/Frameworks/Security.framework/Versions/A/Security
0x000000005d255000 	/System/Library/Frameworks/ApplicationServices.framework/Versions/A/ApplicationServices
0x000000005d255000 	/usr/lib/libz.1.dylib
0x000000005d255000 	/usr/lib/libSystem.B.dylib
0x000000005d255000 	/usr/lib/libobjc.A.dylib
0x000000005d255000 	/System/Library/Frameworks/CoreFoundation.framework/Versions/A/CoreFoundation
0x000000005d255000 	/System/Library/Frameworks/Foundation.framework/Versions/C/Foundation
0x000000005d255000 	/System/Library/Frameworks/AppKit.framework/Versions/C/AppKit
0x000000005d255000 	/System/Library/Frameworks/CoreData.framework/Versions/A/CoreData
0x000000005d255000 	/System/Library/PrivateFrameworks/RemoteViewServices.framework/Versions/A/RemoteViewServices
0x000000005d255000 	/System/Library/PrivateFrameworks/UIFoundation.framework/Versions/A/UIFoundation
0x000000005d255000 	/System/Library/PrivateFrameworks/DFRFoundation.framework/Versions/A/DFRFoundation
0x000000005d255000 	/usr/lib/libenergytrace.dylib
0x000000005d255000 	/System/Library/PrivateFrameworks/SkyLight.framework/Versions/A/SkyLight
0x000000005d255000 	/System/Library/Frameworks/CoreGraphics.framework/Versions/A/CoreGraphics
0x000000005d255000 	/usr/lib/libScreenReader.dylib
0x000000005d255000 	/System/Library/Frameworks/Accelerate.framework/Versions/A/Accelerate
0x000000005d255000 	/System/Library/Frameworks/IOSurface.framework/Versions/A/IOSurface
0x000000005d255000 	/System/Library/Frameworks/AudioToolbox.framework/Versions/A/AudioToolbox
0x000000005d255000 	/System/Library/Frameworks/AudioUnit.framework/Versions/A/AudioUnit
0x000000005d255000 	/System/Library/PrivateFrameworks/DataDetectorsCore.framework/Versions/A/DataDetectorsCore
0x000000005d255000 	/System/Library/PrivateFrameworks/DesktopServicesPriv.framework/Versions/A/DesktopServicesPriv
0x000000005d255000 	/System/Library/Frameworks/Carbon.framework/Versions/A/Frameworks/HIToolbox.framework/Versions/A/HIToolbox
0x000000005d255000 	/usr/lib/libicucore.A.dylib
0x000000005d255000 	/System/Library/Frameworks/QuartzCore.framework/Versions/A/QuartzCore
0x000000005d255000 	/System/Library/Frameworks/Carbon.framework/Versions/A/Frameworks/SpeechRecognition.framework/Versions/A/SpeechRecognition
0x000000005d255000 	/usr/lib/libauto.dylib
0x000000005d255000 	/usr/lib/libxml2.2.dylib
0x000000005d255000 	/System/Library/PrivateFrameworks/CoreUI.framework/Versions/A/CoreUI
0x000000005d255000 	/System/Library/Frameworks/CoreAudio.framework/Versions/A/CoreAudio
0x000000005d255000 	/System/Library/Frameworks/DiskArbitration.framework/Versions/A/DiskArbitration
0x000000005d255000 	/usr/lib/liblangid.dylib
0x000000005d255000 	/System/Library/PrivateFrameworks/MultitouchSupport.framework/Versions/A/MultitouchSupport
0x000000005d255000 	/System/Library/Frameworks/IOKit.framework/Versions/A/IOKit
0x000000005d255000 	/usr/lib/libDiagnosticMessagesClient.dylib
0x000000005d255000 	/System/Library/Frameworks/CoreServices.framework/Versions/A/CoreServices
0x000000005d255000 	/System/Library/PrivateFrameworks/PerformanceAnalysis.framework/Versions/A/PerformanceAnalysis
0x000000005d255000 	/System/Library/PrivateFrameworks/GenerationalStorage.framework/Versions/A/GenerationalStorage
0x000000005d255000 	/System/Library/Frameworks/OpenGL.framework/Versions/A/OpenGL
0x000000005d255000 	/System/Library/Frameworks/CoreImage.framework/Versions/A/CoreImage
0x000000005d255000 	/System/Library/Frameworks/CoreText.framework/Versions/A/CoreText
0x000000005d255000 	/System/Library/Frameworks/ImageIO.framework/Versions/A/ImageIO
0x000000005d255000 	/System/Library/PrivateFrameworks/Backup.framework/Versions/A/Backup
0x000000005d255000 	/usr/lib/libarchive.2.dylib
0x000000005d255000 	/System/Library/Frameworks/CFNetwork.framework/Versions/A/CFNetwork
0x000000005d255000 	/System/Library/Frameworks/SystemConfiguration.framework/Versions/A/SystemConfiguration
0x000000005d255000 	/usr/lib/libCRFSuite.dylib
0x000000005d255000 	/usr/lib/libc++.1.dylib
0x000000005d255000 	/usr/lib/libc++abi.dylib
0x000000005d255000 	/usr/lib/system/libcache.dylib
0x000000005d255000 	/usr/lib/system/libcommonCrypto.dylib
0x000000005d255000 	/usr/lib/system/libcompiler_rt.dylib
0x000000005d255000 	/usr/lib/system/libcopyfile.dylib
0x000000005d255000 	/usr/lib/system/libcorecrypto.dylib
0x000000005d255000 	/usr/lib/system/libdispatch.dylib
0x000000005d255000 	/usr/lib/system/libdyld.dylib
0x000000005d255000 	/usr/lib/system/libkeymgr.dylib
0x000000005d255000 	/usr/lib/system/liblaunch.dylib
0x000000005d255000 	/usr/lib/system/libmacho.dylib
0x000000005d255000 	/usr/lib/system/libquarantine.dylib
0x000000005d255000 	/usr/lib/system/libremovefile.dylib
0x000000005d255000 	/usr/lib/system/libsystem_asl.dylib
0x000000005d255000 	/usr/lib/system/libsystem_blocks.dylib
0x000000005d255000 	/usr/lib/system/libsystem_c.dylib
0x000000005d255000 	/usr/lib/system/libsystem_configuration.dylib
0x000000005d255000 	/usr/lib/system/libsystem_coreservices.dylib
0x000000005d255000 	/usr/lib/system/libsystem_coretls.dylib
0x000000005d255000 	/usr/lib/system/libsystem_dnssd.dylib
0x000000005d255000 	/usr/lib/system/libsystem_info.dylib
0x000000005d255000 	/usr/lib/system/libsystem_kernel.dylib
0x000000005d255000 	/usr/lib/system/libsystem_m.dylib
0x000000005d255000 	/usr/lib/system/libsystem_malloc.dylib
0x000000005d255000 	/usr/lib/system/libsystem_network.dylib
0x000000005d255000 	/usr/lib/system/libsystem_networkextension.dylib
0x000000005d255000 	/usr/lib/system/libsystem_notify.dylib
0x000000005d255000 	/usr/lib/system/libsystem_platform.dylib
0x000000005d255000 	/usr/lib/system/libsystem_pthread.dylib
0x000000005d255000 	/usr/lib/system/libsystem_sandbox.dylib
0x000000005d255000 	/usr/lib/system/libsystem_secinit.dylib
0x000000005d255000 	/usr/lib/system/libsystem_symptoms.dylib
0x000000005d255000 	/usr/lib/system/libsystem_trace.dylib
0x000000005d255000 	/usr/lib/system/libunwind.dylib
0x000000005d255000 	/usr/lib/system/libxpc.dylib
0x000000005d255000 	/usr/lib/libbsm.0.dylib
0x000000005d255000 	/usr/lib/system/libkxld.dylib
0x000000005d255000 	/usr/lib/libcoretls.dylib
0x000000005d255000 	/usr/lib/libcoretls_cfhelpers.dylib
0x000000005d255000 	/usr/lib/libxar.1.dylib
0x000000005d255000 	/usr/lib/libsqlite3.dylib
0x000000005d255000 	/usr/lib/libpam.2.dylib
0x000000005d255000 	/usr/lib/libOpenScriptingUtil.dylib
0x000000005d255000 	/usr/lib/libbz2.1.0.dylib
0x000000005d255000 	/usr/lib/liblzma.5.dylib
0x000000005d255000 	/usr/lib/libnetwork.dylib
0x000000005d255000 	/usr/lib/libpcap.A.dylib
0x000000005d255000 	/System/Library/Frameworks/CoreServices.framework/Versions/A/Frameworks/FSEvents.framework/Versions/A/FSEvents
0x000000005d255000 	/System/Library/Frameworks/CoreServices.framework/Versions/A/Frameworks/CarbonCore.framework/Versions/A/CarbonCore
0x000000005d255000 	/System/Library/Frameworks/CoreServices.framework/Versions/A/Frameworks/Metadata.framework/Versions/A/Metadata
0x000000005d255000 	/System/Library/Frameworks/CoreServices.framework/Versions/A/Frameworks/OSServices.framework/Versions/A/OSServices
0x000000005d255000 	/System/Library/Frameworks/CoreServices.framework/Versions/A/Frameworks/SearchKit.framework/Versions/A/SearchKit
0x000000005d255000 	/System/Library/Frameworks/CoreServices.framework/Versions/A/Frameworks/AE.framework/Versions/A/AE
0x000000005d255000 	/System/Library/Frameworks/CoreServices.framework/Versions/A/Frameworks/LaunchServices.framework/Versions/A/LaunchServices
0x000000005d255000 	/System/Library/Frameworks/CoreServices.framework/Versions/A/Frameworks/DictionaryServices.framework/Versions/A/DictionaryServices
0x000000005d255000 	/System/Library/Frameworks/CoreServices.framework/Versions/A/Frameworks/SharedFileList.framework/Versions/A/SharedFileList
0x000000005d255000 	/System/Library/Frameworks/NetFS.framework/Versions/A/NetFS
0x000000005d255000 	/System/Library/PrivateFrameworks/NetAuth.framework/Versions/A/NetAuth
0x000000005d255000 	/System/Library/PrivateFrameworks/login.framework/Versions/A/Frameworks/loginsupport.framework/Versions/A/loginsupport
0x000000005d255000 	/System/Library/PrivateFrameworks/TCC.framework/Versions/A/TCC
0x000000005d255000 	/usr/lib/libmecabra.dylib
0x000000005d255000 	/System/Library/Frameworks/ApplicationServices.framework/Versions/A/Frameworks/ATS.framework/Versions/A/ATS
0x000000005d255000 	/System/Library/Frameworks/ApplicationServices.framework/Versions/A/Frameworks/ColorSync.framework/Versions/A/ColorSync
0x000000005d255000 	/System/Library/Frameworks/ApplicationServices.framework/Versions/A/Frameworks/HIServices.framework/Versions/A/HIServices
0x000000005d255000 	/System/Library/Frameworks/ApplicationServices.framework/Versions/A/Frameworks/LangAnalysis.framework/Versions/A/LangAnalysis
0x000000005d255000 	/System/Library/Frameworks/ApplicationServices.framework/Versions/A/Frameworks/PrintCore.framework/Versions/A/PrintCore
0x000000005d255000 	/System/Library/Frameworks/ApplicationServices.framework/Versions/A/Frameworks/QD.framework/Versions/A/QD
0x000000005d255000 	/System/Library/Frameworks/ApplicationServices.framework/Versions/A/Frameworks/SpeechSynthesis.framework/Versions/A/SpeechSynthesis
0x000000005d255000 	/System/Library/Frameworks/Accelerate.framework/Versions/A/Frameworks/vImage.framework/Versions/A/vImage
0x000000005d255000 	/System/Library/Frameworks/Accelerate.framework/Versions/A/Frameworks/vecLib.framework/Versions/A/vecLib
0x000000005d255000 	/System/Library/Frameworks/Accelerate.framework/Versions/A/Frameworks/vecLib.framework/Versions/A/libvDSP.dylib
0x000000005d255000 	/System/Library/Frameworks/Accelerate.framework/Versions/A/Frameworks/vecLib.framework/Versions/A/libBNNS.dylib
0x000000005d255000 	/System/Library/Frameworks/Accelerate.framework/Versions/A/Frameworks/vecLib.framework/Versions/A/libQuadrature.dylib
0x000000005d255000 	/System/Library/Frameworks/Accelerate.framework/Versions/A/Frameworks/vecLib.framework/Versions/A/libvMisc.dylib
0x000000005d255000 	/System/Library/Frameworks/Accelerate.framework/Versions/A/Frameworks/vecLib.framework/Versions/A/libLAPACK.dylib
0x000000005d255000 	/System/Library/Frameworks/Accelerate.framework/Versions/A/Frameworks/vecLib.framework/Versions/A/libBLAS.dylib
0x000000005d255000 	/System/Library/Frameworks/Accelerate.framework/Versions/A/Frameworks/vecLib.framework/Versions/A/libLinearAlgebra.dylib
0x000000005d255000 	/System/Library/Frameworks/Accelerate.framework/Versions/A/Frameworks/vecLib.framework/Versions/A/libSparseBLAS.dylib
0x000000005d255000 	/System/Library/Frameworks/ApplicationServices.framework/Versions/A/Frameworks/ATS.framework/Versions/A/Resources/libFontParser.dylib
0x000000005d255000 	/System/Library/Frameworks/ApplicationServices.framework/Versions/A/Frameworks/ATS.framework/Versions/A/Resources/libFontRegistry.dylib
0x000000005d255000 	/System/Library/Frameworks/ImageIO.framework/Versions/A/Resources/libJPEG.dylib
0x000000005d255000 	/System/Library/Frameworks/ImageIO.framework/Versions/A/Resources/libTIFF.dylib
0x000000005d255000 	/System/Library/Frameworks/ImageIO.framework/Versions/A/Resources/libPng.dylib
0x000000005d255000 	/System/Library/Frameworks/ImageIO.framework/Versions/A/Resources/libGIF.dylib
0x000000005d255000 	/System/Library/Frameworks/ImageIO.framework/Versions/A/Resources/libJP2.dylib
0x000000005d255000 	/System/Library/Frameworks/ImageIO.framework/Versions/A/Resources/libRadiance.dylib
0x000000005d255000 	/usr/lib/libcompression.dylib
0x000000005d255000 	/System/Library/PrivateFrameworks/AppleJPEG.framework/Versions/A/AppleJPEG
0x000000005d255000 	/usr/lib/libcups.2.dylib
0x000000005d255000 	/System/Library/Frameworks/Kerberos.framework/Versions/A/Kerberos
0x000000005d255000 	/System/Library/Frameworks/GSS.framework/Versions/A/GSS
0x000000005d255000 	/usr/lib/libresolv.9.dylib
0x000000005d255000 	/usr/lib/libiconv.2.dylib
0x000000005d255000 	/System/Library/PrivateFrameworks/Heimdal.framework/Versions/A/Heimdal
0x000000005d255000 	/usr/lib/libheimdal-asn1.dylib
0x000000005d255000 	/System/Library/Frameworks/OpenDirectory.framework/Versions/A/OpenDirectory
0x000000005d255000 	/System/Library/PrivateFrameworks/CommonAuth.framework/Versions/A/CommonAuth
0x000000005d255000 	/System/Library/Frameworks/OpenDirectory.framework/Versions/A/Frameworks/CFOpenDirectory.framework/Versions/A/CFOpenDirectory
0x000000005d255000 	/System/Library/Frameworks/SecurityFoundation.framework/Versions/A/SecurityFoundation
0x000000005d255000 	/System/Library/PrivateFrameworks/LanguageModeling.framework/Versions/A/LanguageModeling
0x000000005d255000 	/usr/lib/libmarisa.dylib
0x000000005d255000 	/usr/lib/libChineseTokenizer.dylib
0x000000005d255000 	/usr/lib/libcmph.dylib
0x000000005d255000 	/System/Library/PrivateFrameworks/CoreEmoji.framework/Versions/A/CoreEmoji
0x000000005d255000 	/System/Library/Frameworks/ServiceManagement.framework/Versions/A/ServiceManagement
0x000000005d255000 	/usr/lib/libxslt.1.dylib
0x000000005d255000 	/System/Library/Frameworks/Carbon.framework/Versions/A/Frameworks/Ink.framework/Versions/A/Ink
0x000000005d255000 	/System/Library/PrivateFrameworks/TextureIO.framework/Versions/A/TextureIO
0x000000005d255000 	/System/Library/Frameworks/Metal.framework/Versions/A/Metal
0x000000005d255000 	/usr/lib/libate.dylib
0x000000005d255000 	/System/Library/PrivateFrameworks/GPUCompiler.framework/libmetal_timestamp.dylib
0x000000005d255000 	/System/Library/Frameworks/OpenGL.framework/Versions/A/Libraries/libCoreFSCache.dylib
0x000000005d255000 	/System/Library/PrivateFrameworks/IOAccelerator.framework/Versions/A/IOAccelerator
0x000000005d255000 	/System/Library/Frameworks/CoreVideo.framework/Versions/A/CoreVideo
0x000000005d255000 	/usr/lib/libFosl_dynamic.dylib
0x000000005d255000 	/System/Library/PrivateFrameworks/MetalPerformanceShaders.framework/Versions/A/MetalPerformanceShaders
0x000000005d255000 	/System/Library/PrivateFrameworks/FaceCore.framework/Versions/A/FaceCore
0x000000005d255000 	/System/Library/Frameworks/OpenCL.framework/Versions/A/OpenCL
0x000000005d255000 	/System/Library/Frameworks/OpenGL.framework/Versions/A/Libraries/libGLU.dylib
0x000000005d255000 	/System/Library/Frameworks/OpenGL.framework/Versions/A/Libraries/libGFXShared.dylib
0x000000005d255000 	/System/Library/Frameworks/OpenGL.framework/Versions/A/Libraries/libGL.dylib
0x000000005d255000 	/System/Library/Frameworks/OpenGL.framework/Versions/A/Libraries/libGLImage.dylib
0x000000005d255000 	/System/Library/Frameworks/OpenGL.framework/Versions/A/Libraries/libCVMSPluginSupport.dylib
0x000000005d255000 	/System/Library/Frameworks/OpenGL.framework/Versions/A/Libraries/libCoreVMClient.dylib
0x000000005d255000 	/System/Library/PrivateFrameworks/CrashReporterSupport.framework/Versions/A/CrashReporterSupport
0x000000005d255000 	/System/Library/PrivateFrameworks/Sharing.framework/Versions/A/Sharing
0x000000005d255000 	/System/Library/PrivateFrameworks/IconServices.framework/Versions/A/IconServices
0x000000005d255000 	/System/Library/PrivateFrameworks/ProtocolBuffer.framework/Versions/A/ProtocolBuffer
0x000000005d255000 	/System/Library/PrivateFrameworks/Apple80211.framework/Versions/A/Apple80211
0x000000005d255000 	/System/Library/Frameworks/CoreWLAN.framework/Versions/A/CoreWLAN
0x000000005d255000 	/System/Library/PrivateFrameworks/CoreUtils.framework/Versions/A/CoreUtils
0x000000005d255000 	/System/Library/Frameworks/IOBluetooth.framework/Versions/A/IOBluetooth
0x000000005d255000 	/System/Library/PrivateFrameworks/CoreWiFi.framework/Versions/A/CoreWiFi
0x000000005d255000 	/System/Library/Frameworks/CoreBluetooth.framework/Versions/A/CoreBluetooth
0x000000005d255000 	/System/Library/Frameworks/CoreDisplay.framework/Versions/A/CoreDisplay
0x000000005d255000 	/System/Library/PrivateFrameworks/IOPresentment.framework/Versions/A/IOPresentment
0x000000005d255000 	/System/Library/PrivateFrameworks/DebugSymbols.framework/Versions/A/DebugSymbols
0x000000005d255000 	/System/Library/PrivateFrameworks/CoreSymbolication.framework/Versions/A/CoreSymbolication
0x000000005d255000 	/System/Library/PrivateFrameworks/Symbolication.framework/Versions/A/Symbolication
0x000000005d255000 	/System/Library/PrivateFrameworks/AppleFSCompression.framework/Versions/A/AppleFSCompression
0x000000005d255000 	/System/Library/PrivateFrameworks/SpeechRecognitionCore.framework/Versions/A/SpeechRecognitionCore
0x000000005d255000 	/System/Library/PrivateFrameworks/ChunkingLibrary.framework/Versions/A/ChunkingLibrary
0x0000000107c00000 	/Library/Java/JavaVirtualMachines/jdk1.8.0_101.jdk/Contents/Home/jre/lib/server/libjvm.dylib
0x000000005d255000 	/usr/lib/libstdc++.6.dylib
0x0000000107378000 	/Library/Java/JavaVirtualMachines/jdk1.8.0_101.jdk/Contents/Home/jre/lib/libverify.dylib
0x0000000107386000 	/Library/Java/JavaVirtualMachines/jdk1.8.0_101.jdk/Contents/Home/jre/lib/libjava.dylib
0x0000000108b9d000 	/Library/Java/JavaVirtualMachines/jdk1.8.0_101.jdk/Contents/Home/jre/lib/libjdwp.dylib
0x00000001073bc000 	/Library/Java/JavaVirtualMachines/jdk1.8.0_101.jdk/Contents/Home/jre/lib/libnpt.dylib
0x00000001073c9000 	/Library/Java/JavaVirtualMachines/jdk1.8.0_101.jdk/Contents/Home/jre/lib/libzip.dylib
0x000000010cfce000 	/System/Library/Frameworks/JavaVM.framework/Frameworks/JavaRuntimeSupport.framework/JavaRuntimeSupport
0x00000001073e7000 	/System/Library/Frameworks/JavaVM.framework/Versions/A/Frameworks/JavaNativeFoundation.framework/Versions/A/JavaNativeFoundation
0x000000010cfe8000 	/System/Library/Frameworks/JavaVM.framework/Versions/A/JavaVM
0x000000005d255000 	/System/Library/Frameworks/Carbon.framework/Versions/A/Carbon
0x000000010cff5000 	/System/Library/PrivateFrameworks/JavaLaunching.framework/Versions/A/JavaLaunching
0x000000005d255000 	/System/Library/Frameworks/Carbon.framework/Versions/A/Frameworks/CommonPanels.framework/Versions/A/CommonPanels
0x000000005d255000 	/System/Library/Frameworks/Carbon.framework/Versions/A/Frameworks/Help.framework/Versions/A/Help
0x000000005d255000 	/System/Library/Frameworks/Carbon.framework/Versions/A/Frameworks/ImageCapture.framework/Versions/A/ImageCapture
0x000000005d255000 	/System/Library/Frameworks/Carbon.framework/Versions/A/Frameworks/OpenScripting.framework/Versions/A/OpenScripting
0x000000005d255000 	/System/Library/Frameworks/Carbon.framework/Versions/A/Frameworks/Print.framework/Versions/A/Print
0x000000005d255000 	/System/Library/Frameworks/Carbon.framework/Versions/A/Frameworks/SecurityHI.framework/Versions/A/SecurityHI
0x000000010e8fd000 	/Library/Java/JavaVirtualMachines/jdk1.8.0_101.jdk/Contents/Home/jre/lib/libdt_socket.dylib
0x000000010edb1000 	/Library/Java/JavaVirtualMachines/jdk1.8.0_101.jdk/Contents/Home/jre/lib/libnet.dylib

VM Arguments:
jvm_args: -agentlib:jdwp=transport=dt_socket,address=127.0.0.1:50067,suspend=y,server=n -Dfile.encoding=UTF-8 
java_command: example.JDBC
java_class_path (initial): /Library/Java/JavaVirtualMachines/jdk1.8.0_101.jdk/Contents/Home/jre/lib/charsets.jar:/Library/Java/JavaVirtualMachines/jdk1.8.0_101.jdk/Contents/Home/jre/lib/deploy.jar:/Library/Java/JavaVirtualMachines/jdk1.8.0_101.jdk/Contents/Home/jre/lib/ext/cldrdata.jar:/Library/Java/JavaVirtualMachines/jdk1.8.0_101.jdk/Contents/Home/jre/lib/ext/dnsns.jar:/Library/Java/JavaVirtualMachines/jdk1.8.0_101.jdk/Contents/Home/jre/lib/ext/jaccess.jar:/Library/Java/JavaVirtualMachines/jdk1.8.0_101.jdk/Contents/Home/jre/lib/ext/jfxrt.jar:/Library/Java/JavaVirtualMachines/jdk1.8.0_101.jdk/Contents/Home/jre/lib/ext/localedata.jar:/Library/Java/JavaVirtualMachines/jdk1.8.0_101.jdk/Contents/Home/jre/lib/ext/nashorn.jar:/Library/Java/JavaVirtualMachines/jdk1.8.0_101.jdk/Contents/Home/jre/lib/ext/sunec.jar:/Library/Java/JavaVirtualMachines/jdk1.8.0_101.jdk/Contents/Home/jre/lib/ext/sunjce_provider.jar:/Library/Java/JavaVirtualMachines/jdk1.8.0_101.jdk/Contents/Home/jre/lib/ext/sunpkcs11.jar:/Library/Java/JavaVirtualMachines/jdk1.8.0_101.jdk/Contents/Home/jre/lib/ext/zipfs.jar:/Library/Java/JavaVirtualMachines/jdk1.8.0_101.jdk/Contents/Home/jre/lib/javaws.jar:/Library/Java/JavaVirtualMachines/jdk1.8.0_101.jdk/Contents/Home/jre/lib/jce.jar:/Library/Java/JavaVirtualMachines/jdk1.8.0_101.jdk/Contents/Home/jre/lib/jfr.jar:/Library/Java/JavaVirtualMachines/jdk1.8.0_101.jdk/Contents/Home/jre/lib/jfxswt.jar:/Library/Java/JavaVirtualMachines/jdk1.8.0_101.jdk/Contents/Home/jre/lib/jsse.jar:/Library/Java/JavaVirtualMachines/jdk1.8.0_101.jdk/Contents/Home/jre/lib/management-agent.jar:/Library/Java/JavaVirtualMachines/jdk1.8.0_101.jdk/Contents/Home/jre/lib/plugin.jar:/Library/Java/JavaVirtualMachines/jdk1.8.0_101.jdk/Contents/Home/jre/lib/resources.jar:/Library/Java/JavaVirtualMachines/jdk1.8.0_101.jdk/Contents/Home/jre/lib/rt.jar:/Library/Java/JavaVirtualMachines/jdk1.8.0_101.jdk/Contents/Home/lib/ant-javafx.jar:/Library/Java/JavaVirtualMachines/jdk1.8.0_101.jdk/Contents/Home
Launcher Type: SUN_STANDARD

Environment Variables:
PATH=/usr/local/bin:/usr/bin:/bin:/usr/sbin:/sbin
SHELL=/bin/bash

Signal Handlers:
SIGSEGV: [libjvm.dylib+0x5af145], sa_mask[0]=11111111011111110111111111111111, sa_flags=SA_ONSTACK|SA_RESTART|SA_SIGINFO
SIGBUS: [libjvm.dylib+0x5af145], sa_mask[0]=11111111011111110111111111111111, sa_flags=SA_RESTART|SA_SIGINFO
SIGFPE: [libjvm.dylib+0x48694c], sa_mask[0]=11111111011111110111111111111111, sa_flags=SA_RESTART|SA_SIGINFO
SIGPIPE: [libjvm.dylib+0x48694c], sa_mask[0]=11111111011111110111111111111111, sa_flags=SA_RESTART|SA_SIGINFO
SIGXFSZ: [libjvm.dylib+0x48694c], sa_mask[0]=11111111011111110111111111111111, sa_flags=SA_RESTART|SA_SIGINFO
SIGILL: [libjvm.dylib+0x48694c], sa_mask[0]=11111111011111110111111111111111, sa_flags=SA_RESTART|SA_SIGINFO
SIGUSR1: SIG_DFL, sa_mask[0]=00000000000000000000000000000000, sa_flags=none
SIGUSR2: [libjvm.dylib+0x48646a], sa_mask[0]=00100000000000000000000000000000, sa_flags=SA_RESTART|SA_SIGINFO
SIGHUP: [libjvm.dylib+0x484a41], sa_mask[0]=11111111011111110111111111111111, sa_flags=SA_RESTART|SA_SIGINFO
SIGINT: [libjvm.dylib+0x484a41], sa_mask[0]=11111111011111110111111111111111, sa_flags=SA_RESTART|SA_SIGINFO
SIGTERM: [libjvm.dylib+0x484a41], sa_mask[0]=11111111011111110111111111111111, sa_flags=SA_RESTART|SA_SIGINFO
SIGQUIT: [libjvm.dylib+0x484a41], sa_mask[0]=11111111011111110111111111111111, sa_flags=SA_RESTART|SA_SIGINFO


---------------  S Y S T E M  ---------------

OS:Bsduname:Darwin 16.4.0 Darwin Kernel Version 16.4.0: Thu Dec 22 22:53:21 PST 2016; root:xnu-3789.41.3~3/RELEASE_X86_64 x86_64
rlimit: STACK 8192k, CORE 0k, NPROC 709, NOFILE 10240, AS infinity
load average:3.94 3.90 3.93

CPU:total 4 (2 cores per cpu, 2 threads per core) family 6 model 58 stepping 9, cmov, cx8, fxsr, mmx, sse, sse2, sse3, ssse3, sse4.1, sse4.2, popcnt, avx, aes, clmul, erms, ht, tsc, tscinvbit, tscinv

Memory: 4k page, physical 4194304k(32868k free)

/proc/meminfo:


vm_info: Java HotSpot(TM) 64-Bit Server VM (25.101-b13) for bsd-amd64 JRE (1.8.0_101-b13), built on Jun 22 2016 02:42:15 by "java_re" with gcc 4.2.1 (Based on Apple Inc. build 5658) (LLVM build 2336.11.00)

time: Sat Mar 18 18:42:28 2017
elapsed time: 9324 seconds (0d 2h 35m 24s)

